{"C:\\Users\\DELL\\Documents\\GitHub\\rutas-tj-backend\\app.js": {"path":"C:\\Users\\DELL\\Documents\\GitHub\\rutas-tj-backend\\app.js","statementMap":{"0":{"start":{"line":1,"column":0},"end":{"line":1,"column":21}},"1":{"start":{"line":3,"column":0},"end":{"line":3,"column":26}},"2":{"start":{"line":4,"column":0},"end":{"line":4,"column":26}},"3":{"start":{"line":6,"column":16},"end":{"line":6,"column":34}},"4":{"start":{"line":8,"column":20},"end":{"line":8,"column":50}},"5":{"start":{"line":9,"column":42},"end":{"line":9,"column":73}},"6":{"start":{"line":11,"column":12},"end":{"line":11,"column":21}},"7":{"start":{"line":12,"column":19},"end":{"line":12,"column":46}},"8":{"start":{"line":14,"column":0},"end":{"line":14,"column":31}},"9":{"start":{"line":15,"column":0},"end":{"line":15,"column":31}},"10":{"start":{"line":18,"column":0},"end":{"line":18,"column":25}},"11":{"start":{"line":21,"column":0},"end":{"line":21,"column":22}},"12":{"start":{"line":23,"column":0},"end":{"line":31,"column":3}},"13":{"start":{"line":24,"column":4},"end":{"line":24,"column":19}},"14":{"start":{"line":25,"column":4},"end":{"line":25,"column":88}},"15":{"start":{"line":26,"column":4},"end":{"line":28,"column":5}},"16":{"start":{"line":27,"column":8},"end":{"line":27,"column":25}},"17":{"start":{"line":30,"column":4},"end":{"line":30,"column":28}},"18":{"start":{"line":34,"column":0},"end":{"line":34,"column":21}}},"fnMap":{"0":{"name":"(anonymous_0)","decl":{"start":{"line":23,"column":36},"end":{"line":23,"column":37}},"loc":{"start":{"line":23,"column":51},"end":{"line":31,"column":1}},"line":23}},"branchMap":{"0":{"loc":{"start":{"line":26,"column":4},"end":{"line":28,"column":5}},"type":"if","locations":[{"start":{"line":26,"column":4},"end":{"line":28,"column":5}},{"start":{},"end":{}}],"line":26}},"s":{"0":0,"1":0,"2":0,"3":0,"4":0,"5":0,"6":0,"7":0,"8":0,"9":0,"10":0,"11":0,"12":0,"13":0,"14":0,"15":0,"16":0,"17":0,"18":0},"f":{"0":0},"b":{"0":[0,0]}}
,"C:\\Users\\DELL\\Documents\\GitHub\\rutas-tj-backend\\modules\\route\\route.controller.js": {"path":"C:\\Users\\DELL\\Documents\\GitHub\\rutas-tj-backend\\modules\\route\\route.controller.js","statementMap":{"0":{"start":{"line":1,"column":30},"end":{"line":1,"column":64}},"1":{"start":{"line":2,"column":73},"end":{"line":2,"column":106}},"2":{"start":{"line":3,"column":43},"end":{"line":3,"column":75}},"3":{"start":{"line":5,"column":24},"end":{"line":5,"column":31}},"4":{"start":{"line":6,"column":35},"end":{"line":6,"column":54}},"5":{"start":{"line":8,"column":19},"end":{"line":386,"column":1}},"6":{"start":{"line":10,"column":2},"end":{"line":27,"column":3}},"7":{"start":{"line":11,"column":14},"end":{"line":11,"column":54}},"8":{"start":{"line":12,"column":33},"end":{"line":12,"column":84}},"9":{"start":{"line":13,"column":18},"end":{"line":13,"column":38}},"10":{"start":{"line":15,"column":18},"end":{"line":19,"column":14}},"11":{"start":{"line":21,"column":17},"end":{"line":21,"column":76}},"12":{"start":{"line":22,"column":20},"end":{"line":22,"column":70}},"13":{"start":{"line":24,"column":3},"end":{"line":24,"column":45}},"14":{"start":{"line":26,"column":3},"end":{"line":26,"column":108}},"15":{"start":{"line":31,"column":2},"end":{"line":60,"column":3}},"16":{"start":{"line":32,"column":14},"end":{"line":32,"column":54}},"17":{"start":{"line":33,"column":19},"end":{"line":33,"column":32}},"18":{"start":{"line":35,"column":3},"end":{"line":39,"column":4}},"19":{"start":{"line":36,"column":4},"end":{"line":38,"column":7}},"20":{"start":{"line":41,"column":17},"end":{"line":43,"column":5}},"21":{"start":{"line":45,"column":3},"end":{"line":49,"column":4}},"22":{"start":{"line":46,"column":4},"end":{"line":48,"column":7}},"23":{"start":{"line":51,"column":3},"end":{"line":54,"column":6}},"24":{"start":{"line":56,"column":3},"end":{"line":59,"column":6}},"25":{"start":{"line":64,"column":2},"end":{"line":99,"column":3}},"26":{"start":{"line":65,"column":14},"end":{"line":65,"column":54}},"27":{"start":{"line":66,"column":19},"end":{"line":66,"column":27}},"28":{"start":{"line":67,"column":98},"end":{"line":67,"column":106}},"29":{"start":{"line":69,"column":20},"end":{"line":83,"column":4}},"30":{"start":{"line":85,"column":18},"end":{"line":85,"column":74}},"31":{"start":{"line":87,"column":3},"end":{"line":93,"column":6}},"32":{"start":{"line":95,"column":3},"end":{"line":98,"column":6}},"33":{"start":{"line":103,"column":2},"end":{"line":150,"column":3}},"34":{"start":{"line":104,"column":14},"end":{"line":104,"column":54}},"35":{"start":{"line":105,"column":19},"end":{"line":105,"column":27}},"36":{"start":{"line":106,"column":18},"end":{"line":106,"column":28}},"37":{"start":{"line":107,"column":98},"end":{"line":107,"column":106}},"38":{"start":{"line":109,"column":21},"end":{"line":125,"column":4}},"39":{"start":{"line":127,"column":18},"end":{"line":130,"column":4}},"40":{"start":{"line":132,"column":3},"end":{"line":136,"column":4}},"41":{"start":{"line":133,"column":4},"end":{"line":135,"column":7}},"42":{"start":{"line":138,"column":24},"end":{"line":138,"column":81}},"43":{"start":{"line":140,"column":3},"end":{"line":143,"column":6}},"44":{"start":{"line":146,"column":3},"end":{"line":149,"column":6}},"45":{"start":{"line":154,"column":2},"end":{"line":190,"column":3}},"46":{"start":{"line":155,"column":14},"end":{"line":155,"column":54}},"47":{"start":{"line":156,"column":19},"end":{"line":156,"column":27}},"48":{"start":{"line":157,"column":90},"end":{"line":157,"column":98}},"49":{"start":{"line":159,"column":23},"end":{"line":174,"column":4}},"50":{"start":{"line":176,"column":18},"end":{"line":176,"column":88}},"51":{"start":{"line":178,"column":3},"end":{"line":184,"column":6}},"52":{"start":{"line":186,"column":3},"end":{"line":189,"column":6}},"53":{"start":{"line":194,"column":2},"end":{"line":214,"column":3}},"54":{"start":{"line":195,"column":14},"end":{"line":195,"column":54}},"55":{"start":{"line":196,"column":33},"end":{"line":196,"column":93}},"56":{"start":{"line":198,"column":21},"end":{"line":203,"column":14}},"57":{"start":{"line":205,"column":17},"end":{"line":205,"column":102}},"58":{"start":{"line":206,"column":20},"end":{"line":206,"column":73}},"59":{"start":{"line":208,"column":3},"end":{"line":208,"column":45}},"60":{"start":{"line":210,"column":3},"end":{"line":213,"column":6}},"61":{"start":{"line":218,"column":2},"end":{"line":278,"column":3}},"62":{"start":{"line":219,"column":14},"end":{"line":219,"column":54}},"63":{"start":{"line":220,"column":27},"end":{"line":220,"column":35}},"64":{"start":{"line":221,"column":18},"end":{"line":221,"column":28}},"65":{"start":{"line":223,"column":3},"end":{"line":227,"column":4}},"66":{"start":{"line":224,"column":4},"end":{"line":226,"column":7}},"67":{"start":{"line":229,"column":20},"end":{"line":231,"column":5}},"68":{"start":{"line":233,"column":3},"end":{"line":237,"column":4}},"69":{"start":{"line":234,"column":4},"end":{"line":236,"column":7}},"70":{"start":{"line":239,"column":3},"end":{"line":243,"column":4}},"71":{"start":{"line":240,"column":4},"end":{"line":242,"column":7}},"72":{"start":{"line":246,"column":53},"end":{"line":246,"column":61}},"73":{"start":{"line":247,"column":3},"end":{"line":247,"column":27}},"74":{"start":{"line":249,"column":18},"end":{"line":249,"column":75}},"75":{"start":{"line":252,"column":3},"end":{"line":264,"column":5}},"76":{"start":{"line":266,"column":3},"end":{"line":272,"column":6}},"77":{"start":{"line":274,"column":3},"end":{"line":277,"column":6}},"78":{"start":{"line":282,"column":2},"end":{"line":333,"column":3}},"79":{"start":{"line":283,"column":14},"end":{"line":283,"column":54}},"80":{"start":{"line":284,"column":27},"end":{"line":284,"column":35}},"81":{"start":{"line":285,"column":18},"end":{"line":285,"column":28}},"82":{"start":{"line":286,"column":35},"end":{"line":286,"column":43}},"83":{"start":{"line":288,"column":3},"end":{"line":292,"column":4}},"84":{"start":{"line":289,"column":4},"end":{"line":291,"column":7}},"85":{"start":{"line":294,"column":20},"end":{"line":296,"column":5}},"86":{"start":{"line":298,"column":3},"end":{"line":302,"column":4}},"87":{"start":{"line":299,"column":4},"end":{"line":301,"column":7}},"88":{"start":{"line":304,"column":3},"end":{"line":308,"column":4}},"89":{"start":{"line":305,"column":4},"end":{"line":307,"column":7}},"90":{"start":{"line":311,"column":3},"end":{"line":323,"column":5}},"91":{"start":{"line":325,"column":3},"end":{"line":327,"column":6}},"92":{"start":{"line":329,"column":3},"end":{"line":332,"column":6}},"93":{"start":{"line":337,"column":2},"end":{"line":384,"column":3}},"94":{"start":{"line":338,"column":14},"end":{"line":338,"column":54}},"95":{"start":{"line":339,"column":27},"end":{"line":339,"column":35}},"96":{"start":{"line":340,"column":18},"end":{"line":340,"column":28}},"97":{"start":{"line":341,"column":90},"end":{"line":341,"column":98}},"98":{"start":{"line":342,"column":3},"end":{"line":346,"column":4}},"99":{"start":{"line":343,"column":4},"end":{"line":345,"column":7}},"100":{"start":{"line":347,"column":21},"end":{"line":362,"column":4}},"101":{"start":{"line":363,"column":18},"end":{"line":366,"column":4}},"102":{"start":{"line":367,"column":3},"end":{"line":371,"column":4}},"103":{"start":{"line":368,"column":4},"end":{"line":370,"column":7}},"104":{"start":{"line":372,"column":27},"end":{"line":374,"column":5}},"105":{"start":{"line":375,"column":3},"end":{"line":378,"column":6}},"106":{"start":{"line":380,"column":3},"end":{"line":383,"column":6}},"107":{"start":{"line":388,"column":0},"end":{"line":388,"column":32}}},"fnMap":{"0":{"name":"(anonymous_0)","decl":{"start":{"line":9,"column":9},"end":{"line":9,"column":10}},"loc":{"start":{"line":9,"column":29},"end":{"line":28,"column":2}},"line":9},"1":{"name":"(anonymous_1)","decl":{"start":{"line":30,"column":10},"end":{"line":30,"column":11}},"loc":{"start":{"line":30,"column":30},"end":{"line":61,"column":2}},"line":30},"2":{"name":"(anonymous_2)","decl":{"start":{"line":63,"column":9},"end":{"line":63,"column":10}},"loc":{"start":{"line":63,"column":29},"end":{"line":100,"column":2}},"line":63},"3":{"name":"(anonymous_3)","decl":{"start":{"line":102,"column":9},"end":{"line":102,"column":10}},"loc":{"start":{"line":102,"column":29},"end":{"line":151,"column":2}},"line":102},"4":{"name":"(anonymous_4)","decl":{"start":{"line":153,"column":10},"end":{"line":153,"column":11}},"loc":{"start":{"line":153,"column":30},"end":{"line":191,"column":2}},"line":153},"5":{"name":"(anonymous_5)","decl":{"start":{"line":193,"column":22},"end":{"line":193,"column":23}},"loc":{"start":{"line":193,"column":42},"end":{"line":215,"column":2}},"line":193},"6":{"name":"(anonymous_6)","decl":{"start":{"line":217,"column":18},"end":{"line":217,"column":19}},"loc":{"start":{"line":217,"column":38},"end":{"line":279,"column":2}},"line":217},"7":{"name":"(anonymous_7)","decl":{"start":{"line":281,"column":17},"end":{"line":281,"column":18}},"loc":{"start":{"line":281,"column":37},"end":{"line":334,"column":2}},"line":281},"8":{"name":"(anonymous_8)","decl":{"start":{"line":336,"column":17},"end":{"line":336,"column":18}},"loc":{"start":{"line":336,"column":37},"end":{"line":385,"column":2}},"line":336}},"branchMap":{"0":{"loc":{"start":{"line":35,"column":3},"end":{"line":39,"column":4}},"type":"if","locations":[{"start":{"line":35,"column":3},"end":{"line":39,"column":4}},{"start":{},"end":{}}],"line":35},"1":{"loc":{"start":{"line":45,"column":3},"end":{"line":49,"column":4}},"type":"if","locations":[{"start":{"line":45,"column":3},"end":{"line":49,"column":4}},{"start":{},"end":{}}],"line":45},"2":{"loc":{"start":{"line":73,"column":8},"end":{"line":73,"column":32}},"type":"binary-expr","locations":[{"start":{"line":73,"column":8},"end":{"line":73,"column":16}},{"start":{"line":73,"column":20},"end":{"line":73,"column":32}}],"line":73},"3":{"loc":{"start":{"line":74,"column":11},"end":{"line":74,"column":29}},"type":"binary-expr","locations":[{"start":{"line":74,"column":11},"end":{"line":74,"column":16}},{"start":{"line":74,"column":20},"end":{"line":74,"column":29}}],"line":74},"4":{"loc":{"start":{"line":75,"column":17},"end":{"line":75,"column":34}},"type":"binary-expr","locations":[{"start":{"line":75,"column":17},"end":{"line":75,"column":28}},{"start":{"line":75,"column":32},"end":{"line":75,"column":34}}],"line":75},"5":{"loc":{"start":{"line":76,"column":15},"end":{"line":76,"column":30}},"type":"binary-expr","locations":[{"start":{"line":76,"column":15},"end":{"line":76,"column":24}},{"start":{"line":76,"column":28},"end":{"line":76,"column":30}}],"line":76},"6":{"loc":{"start":{"line":78,"column":12},"end":{"line":78,"column":48}},"type":"cond-expr","locations":[{"start":{"line":78,"column":35},"end":{"line":78,"column":41}},{"start":{"line":78,"column":44},"end":{"line":78,"column":48}}],"line":78},"7":{"loc":{"start":{"line":114,"column":9},"end":{"line":114,"column":33}},"type":"binary-expr","locations":[{"start":{"line":114,"column":9},"end":{"line":114,"column":17}},{"start":{"line":114,"column":21},"end":{"line":114,"column":33}}],"line":114},"8":{"loc":{"start":{"line":115,"column":12},"end":{"line":115,"column":30}},"type":"binary-expr","locations":[{"start":{"line":115,"column":12},"end":{"line":115,"column":17}},{"start":{"line":115,"column":21},"end":{"line":115,"column":30}}],"line":115},"9":{"loc":{"start":{"line":116,"column":18},"end":{"line":116,"column":35}},"type":"binary-expr","locations":[{"start":{"line":116,"column":18},"end":{"line":116,"column":29}},{"start":{"line":116,"column":33},"end":{"line":116,"column":35}}],"line":116},"10":{"loc":{"start":{"line":117,"column":16},"end":{"line":117,"column":31}},"type":"binary-expr","locations":[{"start":{"line":117,"column":16},"end":{"line":117,"column":25}},{"start":{"line":117,"column":29},"end":{"line":117,"column":31}}],"line":117},"11":{"loc":{"start":{"line":119,"column":9},"end":{"line":119,"column":43}},"type":"binary-expr","locations":[{"start":{"line":119,"column":9},"end":{"line":119,"column":29}},{"start":{"line":119,"column":33},"end":{"line":119,"column":43}}],"line":119},"12":{"loc":{"start":{"line":132,"column":3},"end":{"line":136,"column":4}},"type":"if","locations":[{"start":{"line":132,"column":3},"end":{"line":136,"column":4}},{"start":{},"end":{}}],"line":132},"13":{"loc":{"start":{"line":163,"column":8},"end":{"line":163,"column":32}},"type":"binary-expr","locations":[{"start":{"line":163,"column":8},"end":{"line":163,"column":16}},{"start":{"line":163,"column":20},"end":{"line":163,"column":32}}],"line":163},"14":{"loc":{"start":{"line":164,"column":11},"end":{"line":164,"column":29}},"type":"binary-expr","locations":[{"start":{"line":164,"column":11},"end":{"line":164,"column":16}},{"start":{"line":164,"column":20},"end":{"line":164,"column":29}}],"line":164},"15":{"loc":{"start":{"line":165,"column":17},"end":{"line":165,"column":34}},"type":"binary-expr","locations":[{"start":{"line":165,"column":17},"end":{"line":165,"column":28}},{"start":{"line":165,"column":32},"end":{"line":165,"column":34}}],"line":165},"16":{"loc":{"start":{"line":166,"column":15},"end":{"line":166,"column":30}},"type":"binary-expr","locations":[{"start":{"line":166,"column":15},"end":{"line":166,"column":24}},{"start":{"line":166,"column":28},"end":{"line":166,"column":30}}],"line":166},"17":{"loc":{"start":{"line":223,"column":3},"end":{"line":227,"column":4}},"type":"if","locations":[{"start":{"line":223,"column":3},"end":{"line":227,"column":4}},{"start":{},"end":{}}],"line":223},"18":{"loc":{"start":{"line":233,"column":3},"end":{"line":237,"column":4}},"type":"if","locations":[{"start":{"line":233,"column":3},"end":{"line":237,"column":4}},{"start":{},"end":{}}],"line":233},"19":{"loc":{"start":{"line":239,"column":3},"end":{"line":243,"column":4}},"type":"if","locations":[{"start":{"line":239,"column":3},"end":{"line":243,"column":4}},{"start":{},"end":{}}],"line":239},"20":{"loc":{"start":{"line":241,"column":39},"end":{"line":241,"column":96}},"type":"cond-expr","locations":[{"start":{"line":241,"column":72},"end":{"line":241,"column":82}},{"start":{"line":241,"column":85},"end":{"line":241,"column":96}}],"line":241},"21":{"loc":{"start":{"line":288,"column":3},"end":{"line":292,"column":4}},"type":"if","locations":[{"start":{"line":288,"column":3},"end":{"line":292,"column":4}},{"start":{},"end":{}}],"line":288},"22":{"loc":{"start":{"line":298,"column":3},"end":{"line":302,"column":4}},"type":"if","locations":[{"start":{"line":298,"column":3},"end":{"line":302,"column":4}},{"start":{},"end":{}}],"line":298},"23":{"loc":{"start":{"line":304,"column":3},"end":{"line":308,"column":4}},"type":"if","locations":[{"start":{"line":304,"column":3},"end":{"line":308,"column":4}},{"start":{},"end":{}}],"line":304},"24":{"loc":{"start":{"line":306,"column":39},"end":{"line":306,"column":96}},"type":"cond-expr","locations":[{"start":{"line":306,"column":72},"end":{"line":306,"column":82}},{"start":{"line":306,"column":85},"end":{"line":306,"column":96}}],"line":306},"25":{"loc":{"start":{"line":320,"column":23},"end":{"line":320,"column":50}},"type":"binary-expr","locations":[{"start":{"line":320,"column":23},"end":{"line":320,"column":29}},{"start":{"line":320,"column":33},"end":{"line":320,"column":50}}],"line":320},"26":{"loc":{"start":{"line":342,"column":3},"end":{"line":346,"column":4}},"type":"if","locations":[{"start":{"line":342,"column":3},"end":{"line":346,"column":4}},{"start":{},"end":{}}],"line":342},"27":{"loc":{"start":{"line":352,"column":9},"end":{"line":352,"column":33}},"type":"binary-expr","locations":[{"start":{"line":352,"column":9},"end":{"line":352,"column":17}},{"start":{"line":352,"column":21},"end":{"line":352,"column":33}}],"line":352},"28":{"loc":{"start":{"line":353,"column":12},"end":{"line":353,"column":30}},"type":"binary-expr","locations":[{"start":{"line":353,"column":12},"end":{"line":353,"column":17}},{"start":{"line":353,"column":21},"end":{"line":353,"column":30}}],"line":353},"29":{"loc":{"start":{"line":354,"column":18},"end":{"line":354,"column":35}},"type":"binary-expr","locations":[{"start":{"line":354,"column":18},"end":{"line":354,"column":29}},{"start":{"line":354,"column":33},"end":{"line":354,"column":35}}],"line":354},"30":{"loc":{"start":{"line":355,"column":16},"end":{"line":355,"column":31}},"type":"binary-expr","locations":[{"start":{"line":355,"column":16},"end":{"line":355,"column":25}},{"start":{"line":355,"column":29},"end":{"line":355,"column":31}}],"line":355},"31":{"loc":{"start":{"line":367,"column":3},"end":{"line":371,"column":4}},"type":"if","locations":[{"start":{"line":367,"column":3},"end":{"line":371,"column":4}},{"start":{},"end":{}}],"line":367}},"s":{"0":0,"1":0,"2":0,"3":0,"4":0,"5":0,"6":0,"7":0,"8":0,"9":0,"10":0,"11":0,"12":0,"13":0,"14":0,"15":0,"16":0,"17":0,"18":0,"19":0,"20":0,"21":0,"22":0,"23":0,"24":0,"25":0,"26":0,"27":0,"28":0,"29":0,"30":0,"31":0,"32":0,"33":0,"34":0,"35":0,"36":0,"37":0,"38":0,"39":0,"40":0,"41":0,"42":0,"43":0,"44":0,"45":0,"46":0,"47":0,"48":0,"49":0,"50":0,"51":0,"52":0,"53":0,"54":0,"55":0,"56":0,"57":0,"58":0,"59":0,"60":0,"61":0,"62":0,"63":0,"64":0,"65":0,"66":0,"67":0,"68":0,"69":0,"70":0,"71":0,"72":0,"73":0,"74":0,"75":0,"76":0,"77":0,"78":0,"79":0,"80":0,"81":0,"82":0,"83":0,"84":0,"85":0,"86":0,"87":0,"88":0,"89":0,"90":0,"91":0,"92":0,"93":0,"94":0,"95":0,"96":0,"97":0,"98":0,"99":0,"100":0,"101":0,"102":0,"103":0,"104":0,"105":0,"106":0,"107":0},"f":{"0":0,"1":0,"2":0,"3":0,"4":0,"5":0,"6":0,"7":0,"8":0},"b":{"0":[0,0],"1":[0,0],"2":[0,0],"3":[0,0],"4":[0,0],"5":[0,0],"6":[0,0],"7":[0,0],"8":[0,0],"9":[0,0],"10":[0,0],"11":[0,0],"12":[0,0],"13":[0,0],"14":[0,0],"15":[0,0],"16":[0,0],"17":[0,0],"18":[0,0],"19":[0,0],"20":[0,0],"21":[0,0],"22":[0,0],"23":[0,0],"24":[0,0],"25":[0,0],"26":[0,0],"27":[0,0],"28":[0,0],"29":[0,0],"30":[0,0],"31":[0,0]}}
,"C:\\Users\\DELL\\Documents\\GitHub\\rutas-tj-backend\\modules\\route\\route.functions.js": {"path":"C:\\Users\\DELL\\Documents\\GitHub\\rutas-tj-backend\\modules\\route\\route.functions.js","statementMap":{"0":{"start":{"line":1,"column":30},"end":{"line":1,"column":64}},"1":{"start":{"line":3,"column":18},"end":{"line":3,"column":20}},"2":{"start":{"line":5,"column":0},"end":{"line":5,"column":31}}},"fnMap":{},"branchMap":{},"s":{"0":0,"1":0,"2":0},"f":{},"b":{}}
,"C:\\Users\\DELL\\Documents\\GitHub\\rutas-tj-backend\\modules\\route\\route.model.js": {"path":"C:\\Users\\DELL\\Documents\\GitHub\\rutas-tj-backend\\modules\\route\\route.model.js","statementMap":{"0":{"start":{"line":1,"column":21},"end":{"line":1,"column":55}},"1":{"start":{"line":2,"column":24},"end":{"line":2,"column":52}},"2":{"start":{"line":3,"column":26},"end":{"line":3,"column":65}},"3":{"start":{"line":4,"column":15},"end":{"line":4,"column":41}},"4":{"start":{"line":7,"column":15},"end":{"line":76,"column":1}},"5":{"start":{"line":27,"column":47},"end":{"line":27,"column":70}},"6":{"start":{"line":27,"column":104},"end":{"line":27,"column":123}},"7":{"start":{"line":64,"column":46},"end":{"line":64,"column":69}},"8":{"start":{"line":64,"column":103},"end":{"line":64,"column":122}},"9":{"start":{"line":69,"column":46},"end":{"line":69,"column":69}},"10":{"start":{"line":69,"column":103},"end":{"line":69,"column":122}},"11":{"start":{"line":74,"column":46},"end":{"line":74,"column":69}},"12":{"start":{"line":74,"column":103},"end":{"line":74,"column":122}},"13":{"start":{"line":78,"column":0},"end":{"line":78,"column":28}}},"fnMap":{"0":{"name":"(anonymous_0)","decl":{"start":{"line":27,"column":38},"end":{"line":27,"column":39}},"loc":{"start":{"line":27,"column":47},"end":{"line":27,"column":70}},"line":27},"1":{"name":"(anonymous_1)","decl":{"start":{"line":27,"column":95},"end":{"line":27,"column":96}},"loc":{"start":{"line":27,"column":104},"end":{"line":27,"column":123}},"line":27},"2":{"name":"(anonymous_2)","decl":{"start":{"line":64,"column":37},"end":{"line":64,"column":38}},"loc":{"start":{"line":64,"column":46},"end":{"line":64,"column":69}},"line":64},"3":{"name":"(anonymous_3)","decl":{"start":{"line":64,"column":94},"end":{"line":64,"column":95}},"loc":{"start":{"line":64,"column":103},"end":{"line":64,"column":122}},"line":64},"4":{"name":"(anonymous_4)","decl":{"start":{"line":69,"column":37},"end":{"line":69,"column":38}},"loc":{"start":{"line":69,"column":46},"end":{"line":69,"column":69}},"line":69},"5":{"name":"(anonymous_5)","decl":{"start":{"line":69,"column":94},"end":{"line":69,"column":95}},"loc":{"start":{"line":69,"column":103},"end":{"line":69,"column":122}},"line":69},"6":{"name":"(anonymous_6)","decl":{"start":{"line":74,"column":37},"end":{"line":74,"column":38}},"loc":{"start":{"line":74,"column":46},"end":{"line":74,"column":69}},"line":74},"7":{"name":"(anonymous_7)","decl":{"start":{"line":74,"column":94},"end":{"line":74,"column":95}},"loc":{"start":{"line":74,"column":103},"end":{"line":74,"column":122}},"line":74}},"branchMap":{},"s":{"0":0,"1":0,"2":0,"3":0,"4":0,"5":0,"6":0,"7":0,"8":0,"9":0,"10":0,"11":0,"12":0,"13":0},"f":{"0":0,"1":0,"2":0,"3":0,"4":0,"5":0,"6":0,"7":0},"b":{}}
,"C:\\Users\\DELL\\Documents\\GitHub\\rutas-tj-backend\\modules\\route\\route.route.js": {"path":"C:\\Users\\DELL\\Documents\\GitHub\\rutas-tj-backend\\modules\\route\\route.route.js","statementMap":{"0":{"start":{"line":1,"column":15},"end":{"line":1,"column":42}},"1":{"start":{"line":2,"column":23},"end":{"line":2,"column":52}},"2":{"start":{"line":3,"column":19},"end":{"line":3,"column":43}},"3":{"start":{"line":5,"column":0},"end":{"line":5,"column":50}},"4":{"start":{"line":6,"column":0},"end":{"line":6,"column":79}},"5":{"start":{"line":7,"column":0},"end":{"line":7,"column":88}},"6":{"start":{"line":8,"column":0},"end":{"line":8,"column":68}},"7":{"start":{"line":9,"column":0},"end":{"line":9,"column":67}},"8":{"start":{"line":10,"column":0},"end":{"line":10,"column":84}},"9":{"start":{"line":11,"column":0},"end":{"line":11,"column":108}},"10":{"start":{"line":12,"column":0},"end":{"line":12,"column":105}},"11":{"start":{"line":13,"column":0},"end":{"line":13,"column":54}},"12":{"start":{"line":14,"column":0},"end":{"line":14,"column":81}},"13":{"start":{"line":16,"column":0},"end":{"line":16,"column":24}}},"fnMap":{},"branchMap":{},"s":{"0":0,"1":0,"2":0,"3":0,"4":0,"5":0,"6":0,"7":0,"8":0,"9":0,"10":0,"11":0,"12":0,"13":0},"f":{},"b":{}}
,"C:\\Users\\DELL\\Documents\\GitHub\\rutas-tj-backend\\modules\\user\\user.controller.js": {"path":"C:\\Users\\DELL\\Documents\\GitHub\\rutas-tj-backend\\modules\\user\\user.controller.js","statementMap":{"0":{"start":{"line":1,"column":30},"end":{"line":1,"column":64}},"1":{"start":{"line":2,"column":24},"end":{"line":2,"column":56}},"2":{"start":{"line":3,"column":17},"end":{"line":3,"column":37}},"3":{"start":{"line":4,"column":65},"end":{"line":4,"column":92}},"4":{"start":{"line":6,"column":24},"end":{"line":6,"column":30}},"5":{"start":{"line":7,"column":19},"end":{"line":7,"column":41}},"6":{"start":{"line":9,"column":19},"end":{"line":217,"column":1}},"7":{"start":{"line":11,"column":8},"end":{"line":58,"column":9}},"8":{"start":{"line":12,"column":23},"end":{"line":12,"column":63}},"9":{"start":{"line":13,"column":46},"end":{"line":13,"column":54}},"10":{"start":{"line":15,"column":33},"end":{"line":15,"column":88}},"11":{"start":{"line":16,"column":12},"end":{"line":21,"column":13}},"12":{"start":{"line":17,"column":16},"end":{"line":19,"column":17}},"13":{"start":{"line":18,"column":20},"end":{"line":18,"column":160}},"14":{"start":{"line":20,"column":16},"end":{"line":20,"column":109}},"15":{"start":{"line":23,"column":35},"end":{"line":23,"column":71}},"16":{"start":{"line":25,"column":28},"end":{"line":33,"column":13}},"17":{"start":{"line":35,"column":27},"end":{"line":35,"column":82}},"18":{"start":{"line":38,"column":31},"end":{"line":41,"column":13}},"19":{"start":{"line":44,"column":26},"end":{"line":44,"column":55}},"20":{"start":{"line":46,"column":12},"end":{"line":55,"column":15}},"21":{"start":{"line":57,"column":12},"end":{"line":57,"column":121}},"22":{"start":{"line":62,"column":8},"end":{"line":104,"column":9}},"23":{"start":{"line":63,"column":23},"end":{"line":63,"column":63}},"24":{"start":{"line":64,"column":40},"end":{"line":64,"column":48}},"25":{"start":{"line":67,"column":33},"end":{"line":67,"column":88}},"26":{"start":{"line":69,"column":12},"end":{"line":71,"column":13}},"27":{"start":{"line":70,"column":16},"end":{"line":70,"column":146}},"28":{"start":{"line":74,"column":12},"end":{"line":76,"column":13}},"29":{"start":{"line":75,"column":16},"end":{"line":75,"column":151}},"30":{"start":{"line":79,"column":25},"end":{"line":79,"column":88}},"31":{"start":{"line":80,"column":12},"end":{"line":80,"column":30}},"32":{"start":{"line":82,"column":12},"end":{"line":84,"column":13}},"33":{"start":{"line":83,"column":16},"end":{"line":83,"column":104}},"34":{"start":{"line":86,"column":12},"end":{"line":88,"column":13}},"35":{"start":{"line":87,"column":16},"end":{"line":87,"column":114}},"36":{"start":{"line":90,"column":26},"end":{"line":90,"column":49}},"37":{"start":{"line":92,"column":12},"end":{"line":101,"column":15}},"38":{"start":{"line":103,"column":12},"end":{"line":103,"column":118}},"39":{"start":{"line":108,"column":8},"end":{"line":190,"column":9}},"40":{"start":{"line":109,"column":23},"end":{"line":109,"column":63}},"41":{"start":{"line":110,"column":41},"end":{"line":110,"column":49}},"42":{"start":{"line":112,"column":30},"end":{"line":112,"column":107}},"43":{"start":{"line":113,"column":12},"end":{"line":115,"column":13}},"44":{"start":{"line":114,"column":16},"end":{"line":114,"column":106}},"45":{"start":{"line":116,"column":31},"end":{"line":116,"column":53}},"46":{"start":{"line":117,"column":51},"end":{"line":117,"column":61}},"47":{"start":{"line":119,"column":25},"end":{"line":119,"column":88}},"48":{"start":{"line":120,"column":12},"end":{"line":120,"column":30}},"49":{"start":{"line":123,"column":12},"end":{"line":166,"column":13}},"50":{"start":{"line":124,"column":16},"end":{"line":126,"column":17}},"51":{"start":{"line":125,"column":20},"end":{"line":125,"column":150}},"52":{"start":{"line":128,"column":16},"end":{"line":130,"column":17}},"53":{"start":{"line":129,"column":20},"end":{"line":129,"column":159}},"54":{"start":{"line":132,"column":16},"end":{"line":134,"column":17}},"55":{"start":{"line":133,"column":20},"end":{"line":133,"column":130}},"56":{"start":{"line":137,"column":17},"end":{"line":166,"column":13}},"57":{"start":{"line":138,"column":16},"end":{"line":144,"column":17}},"58":{"start":{"line":139,"column":20},"end":{"line":143,"column":21}},"59":{"start":{"line":140,"column":24},"end":{"line":140,"column":145}},"60":{"start":{"line":142,"column":24},"end":{"line":142,"column":150}},"61":{"start":{"line":147,"column":32},"end":{"line":155,"column":17}},"62":{"start":{"line":156,"column":31},"end":{"line":156,"column":86}},"63":{"start":{"line":157,"column":16},"end":{"line":157,"column":62}},"64":{"start":{"line":163,"column":16},"end":{"line":165,"column":17}},"65":{"start":{"line":164,"column":20},"end":{"line":164,"column":142}},"66":{"start":{"line":168,"column":12},"end":{"line":170,"column":13}},"67":{"start":{"line":169,"column":16},"end":{"line":169,"column":114}},"68":{"start":{"line":173,"column":26},"end":{"line":173,"column":49}},"69":{"start":{"line":175,"column":12},"end":{"line":184,"column":15}},"70":{"start":{"line":187,"column":12},"end":{"line":187,"column":31}},"71":{"start":{"line":189,"column":12},"end":{"line":189,"column":116}},"72":{"start":{"line":194,"column":8},"end":{"line":215,"column":9}},"73":{"start":{"line":202,"column":25},"end":{"line":202,"column":33}},"74":{"start":{"line":204,"column":12},"end":{"line":212,"column":15}},"75":{"start":{"line":214,"column":12},"end":{"line":214,"column":119}},"76":{"start":{"line":219,"column":0},"end":{"line":219,"column":32}}},"fnMap":{"0":{"name":"(anonymous_0)","decl":{"start":{"line":10,"column":14},"end":{"line":10,"column":15}},"loc":{"start":{"line":10,"column":34},"end":{"line":59,"column":5}},"line":10},"1":{"name":"(anonymous_1)","decl":{"start":{"line":61,"column":11},"end":{"line":61,"column":12}},"loc":{"start":{"line":61,"column":31},"end":{"line":105,"column":5}},"line":61},"2":{"name":"(anonymous_2)","decl":{"start":{"line":107,"column":17},"end":{"line":107,"column":18}},"loc":{"start":{"line":107,"column":37},"end":{"line":191,"column":5}},"line":107},"3":{"name":"(anonymous_3)","decl":{"start":{"line":193,"column":19},"end":{"line":193,"column":20}},"loc":{"start":{"line":193,"column":39},"end":{"line":216,"column":5}},"line":193}},"branchMap":{"0":{"loc":{"start":{"line":16,"column":12},"end":{"line":21,"column":13}},"type":"if","locations":[{"start":{"line":16,"column":12},"end":{"line":21,"column":13}},{"start":{},"end":{}}],"line":16},"1":{"loc":{"start":{"line":17,"column":16},"end":{"line":19,"column":17}},"type":"if","locations":[{"start":{"line":17,"column":16},"end":{"line":19,"column":17}},{"start":{},"end":{}}],"line":17},"2":{"loc":{"start":{"line":69,"column":12},"end":{"line":71,"column":13}},"type":"if","locations":[{"start":{"line":69,"column":12},"end":{"line":71,"column":13}},{"start":{},"end":{}}],"line":69},"3":{"loc":{"start":{"line":74,"column":12},"end":{"line":76,"column":13}},"type":"if","locations":[{"start":{"line":74,"column":12},"end":{"line":76,"column":13}},{"start":{},"end":{}}],"line":74},"4":{"loc":{"start":{"line":82,"column":12},"end":{"line":84,"column":13}},"type":"if","locations":[{"start":{"line":82,"column":12},"end":{"line":84,"column":13}},{"start":{},"end":{}}],"line":82},"5":{"loc":{"start":{"line":86,"column":12},"end":{"line":88,"column":13}},"type":"if","locations":[{"start":{"line":86,"column":12},"end":{"line":88,"column":13}},{"start":{},"end":{}}],"line":86},"6":{"loc":{"start":{"line":113,"column":12},"end":{"line":115,"column":13}},"type":"if","locations":[{"start":{"line":113,"column":12},"end":{"line":115,"column":13}},{"start":{},"end":{}}],"line":113},"7":{"loc":{"start":{"line":123,"column":12},"end":{"line":166,"column":13}},"type":"if","locations":[{"start":{"line":123,"column":12},"end":{"line":166,"column":13}},{"start":{"line":137,"column":17},"end":{"line":166,"column":13}}],"line":123},"8":{"loc":{"start":{"line":124,"column":16},"end":{"line":126,"column":17}},"type":"if","locations":[{"start":{"line":124,"column":16},"end":{"line":126,"column":17}},{"start":{},"end":{}}],"line":124},"9":{"loc":{"start":{"line":128,"column":16},"end":{"line":130,"column":17}},"type":"if","locations":[{"start":{"line":128,"column":16},"end":{"line":130,"column":17}},{"start":{},"end":{}}],"line":128},"10":{"loc":{"start":{"line":128,"column":20},"end":{"line":128,"column":82}},"type":"binary-expr","locations":[{"start":{"line":128,"column":20},"end":{"line":128,"column":45}},{"start":{"line":128,"column":50},"end":{"line":128,"column":64}},{"start":{"line":128,"column":68},"end":{"line":128,"column":81}}],"line":128},"11":{"loc":{"start":{"line":132,"column":16},"end":{"line":134,"column":17}},"type":"if","locations":[{"start":{"line":132,"column":16},"end":{"line":134,"column":17}},{"start":{},"end":{}}],"line":132},"12":{"loc":{"start":{"line":137,"column":17},"end":{"line":166,"column":13}},"type":"if","locations":[{"start":{"line":137,"column":17},"end":{"line":166,"column":13}},{"start":{"line":158,"column":19},"end":{"line":166,"column":13}}],"line":137},"13":{"loc":{"start":{"line":138,"column":16},"end":{"line":144,"column":17}},"type":"if","locations":[{"start":{"line":138,"column":16},"end":{"line":144,"column":17}},{"start":{},"end":{}}],"line":138},"14":{"loc":{"start":{"line":139,"column":20},"end":{"line":143,"column":21}},"type":"if","locations":[{"start":{"line":139,"column":20},"end":{"line":143,"column":21}},{"start":{"line":141,"column":27},"end":{"line":143,"column":21}}],"line":139},"15":{"loc":{"start":{"line":163,"column":16},"end":{"line":165,"column":17}},"type":"if","locations":[{"start":{"line":163,"column":16},"end":{"line":165,"column":17}},{"start":{},"end":{}}],"line":163},"16":{"loc":{"start":{"line":168,"column":12},"end":{"line":170,"column":13}},"type":"if","locations":[{"start":{"line":168,"column":12},"end":{"line":170,"column":13}},{"start":{},"end":{}}],"line":168},"17":{"loc":{"start":{"line":176,"column":35},"end":{"line":176,"column":77}},"type":"cond-expr","locations":[{"start":{"line":176,"column":57},"end":{"line":176,"column":67}},{"start":{"line":176,"column":70},"end":{"line":176,"column":77}}],"line":176}},"s":{"0":0,"1":0,"2":0,"3":0,"4":0,"5":0,"6":0,"7":0,"8":0,"9":0,"10":0,"11":0,"12":0,"13":0,"14":0,"15":0,"16":0,"17":0,"18":0,"19":0,"20":0,"21":0,"22":0,"23":0,"24":0,"25":0,"26":0,"27":0,"28":0,"29":0,"30":0,"31":0,"32":0,"33":0,"34":0,"35":0,"36":0,"37":0,"38":0,"39":0,"40":0,"41":0,"42":0,"43":0,"44":0,"45":0,"46":0,"47":0,"48":0,"49":0,"50":0,"51":0,"52":0,"53":0,"54":0,"55":0,"56":0,"57":0,"58":0,"59":0,"60":0,"61":0,"62":0,"63":0,"64":0,"65":0,"66":0,"67":0,"68":0,"69":0,"70":0,"71":0,"72":0,"73":0,"74":0,"75":0,"76":0},"f":{"0":0,"1":0,"2":0,"3":0},"b":{"0":[0,0],"1":[0,0],"2":[0,0],"3":[0,0],"4":[0,0],"5":[0,0],"6":[0,0],"7":[0,0],"8":[0,0],"9":[0,0],"10":[0,0,0],"11":[0,0],"12":[0,0],"13":[0,0],"14":[0,0],"15":[0,0],"16":[0,0],"17":[0,0]}}
,"C:\\Users\\DELL\\Documents\\GitHub\\rutas-tj-backend\\modules\\user\\user.functions.js": {"path":"C:\\Users\\DELL\\Documents\\GitHub\\rutas-tj-backend\\modules\\user\\user.functions.js","statementMap":{"0":{"start":{"line":1,"column":30},"end":{"line":1,"column":64}},"1":{"start":{"line":3,"column":18},"end":{"line":50,"column":1}},"2":{"start":{"line":7,"column":8},"end":{"line":46,"column":9}},"3":{"start":{"line":8,"column":29},"end":{"line":8,"column":75}},"4":{"start":{"line":11,"column":12},"end":{"line":37,"column":22}},"5":{"start":{"line":39,"column":12},"end":{"line":42,"column":13}},"6":{"start":{"line":40,"column":16},"end":{"line":40,"column":83}},"7":{"start":{"line":41,"column":16},"end":{"line":41,"column":57}},"8":{"start":{"line":44,"column":12},"end":{"line":44,"column":56}},"9":{"start":{"line":45,"column":12},"end":{"line":45,"column":24}},"10":{"start":{"line":48,"column":8},"end":{"line":48,"column":20}},"11":{"start":{"line":52,"column":0},"end":{"line":52,"column":31}}},"fnMap":{"0":{"name":"(anonymous_0)","decl":{"start":{"line":4,"column":15},"end":{"line":4,"column":16}},"loc":{"start":{"line":4,"column":33},"end":{"line":49,"column":5}},"line":4}},"branchMap":{"0":{"loc":{"start":{"line":39,"column":12},"end":{"line":42,"column":13}},"type":"if","locations":[{"start":{"line":39,"column":12},"end":{"line":42,"column":13}},{"start":{},"end":{}}],"line":39}},"s":{"0":0,"1":0,"2":0,"3":0,"4":0,"5":0,"6":0,"7":0,"8":0,"9":0,"10":0,"11":0},"f":{"0":0},"b":{"0":[0,0]}}
,"C:\\Users\\DELL\\Documents\\GitHub\\rutas-tj-backend\\modules\\user\\user.model.js": {"path":"C:\\Users\\DELL\\Documents\\GitHub\\rutas-tj-backend\\modules\\user\\user.model.js","statementMap":{"0":{"start":{"line":1,"column":17},"end":{"line":1,"column":45}},"1":{"start":{"line":3,"column":15},"end":{"line":16,"column":1}},"2":{"start":{"line":18,"column":0},"end":{"line":18,"column":28}}},"fnMap":{},"branchMap":{},"s":{"0":0,"1":0,"2":0},"f":{},"b":{}}
,"C:\\Users\\DELL\\Documents\\GitHub\\rutas-tj-backend\\modules\\user\\user.route.js": {"path":"C:\\Users\\DELL\\Documents\\GitHub\\rutas-tj-backend\\modules\\user\\user.route.js","statementMap":{"0":{"start":{"line":1,"column":15},"end":{"line":1,"column":42}},"1":{"start":{"line":2,"column":23},"end":{"line":2,"column":51}},"2":{"start":{"line":3,"column":19},"end":{"line":3,"column":42}},"3":{"start":{"line":5,"column":18},"end":{"line":5,"column":54}},"4":{"start":{"line":7,"column":0},"end":{"line":7,"column":78}},"5":{"start":{"line":8,"column":0},"end":{"line":8,"column":69}},"6":{"start":{"line":9,"column":0},"end":{"line":9,"column":77}},"7":{"start":{"line":10,"column":0},"end":{"line":10,"column":61}},"8":{"start":{"line":12,"column":0},"end":{"line":12,"column":24}}},"fnMap":{},"branchMap":{},"s":{"0":0,"1":0,"2":0,"3":0,"4":0,"5":0,"6":0,"7":0,"8":0},"f":{},"b":{}}
,"C:\\Users\\DELL\\Documents\\GitHub\\rutas-tj-backend\\utils\\auth.js": {"path":"C:\\Users\\DELL\\Documents\\GitHub\\rutas-tj-backend\\utils\\auth.js","statementMap":{"0":{"start":{"line":4,"column":12},"end":{"line":4,"column":35}},"1":{"start":{"line":5,"column":17},"end":{"line":5,"column":37}},"2":{"start":{"line":6,"column":17},"end":{"line":6,"column":46}},"3":{"start":{"line":17,"column":28},"end":{"line":59,"column":1}},"4":{"start":{"line":18,"column":17},"end":{"line":44,"column":13}},"5":{"start":{"line":46,"column":4},"end":{"line":48,"column":5}},"6":{"start":{"line":47,"column":8},"end":{"line":47,"column":45}},"7":{"start":{"line":50,"column":4},"end":{"line":56,"column":5}},"8":{"start":{"line":51,"column":29},"end":{"line":51,"column":73}},"9":{"start":{"line":53,"column":8},"end":{"line":55,"column":9}},"10":{"start":{"line":54,"column":12},"end":{"line":54,"column":51}},"11":{"start":{"line":58,"column":4},"end":{"line":58,"column":16}},"12":{"start":{"line":61,"column":34},"end":{"line":89,"column":1}},"13":{"start":{"line":62,"column":17},"end":{"line":76,"column":6}},"14":{"start":{"line":78,"column":4},"end":{"line":80,"column":5}},"15":{"start":{"line":79,"column":8},"end":{"line":79,"column":47}},"16":{"start":{"line":82,"column":25},"end":{"line":82,"column":69}},"17":{"start":{"line":84,"column":4},"end":{"line":86,"column":5}},"18":{"start":{"line":85,"column":8},"end":{"line":85,"column":47}},"19":{"start":{"line":88,"column":4},"end":{"line":88,"column":16}},"20":{"start":{"line":96,"column":26},"end":{"line":108,"column":1}},"21":{"start":{"line":98,"column":19},"end":{"line":98,"column":75}},"22":{"start":{"line":100,"column":22},"end":{"line":103,"column":5}},"23":{"start":{"line":105,"column":4},"end":{"line":107,"column":7}},"24":{"start":{"line":115,"column":21},"end":{"line":117,"column":1}},"25":{"start":{"line":116,"column":4},"end":{"line":116,"column":56}},"26":{"start":{"line":119,"column":0},"end":{"line":123,"column":2}}},"fnMap":{"0":{"name":"(anonymous_0)","decl":{"start":{"line":17,"column":28},"end":{"line":17,"column":29}},"loc":{"start":{"line":17,"column":98},"end":{"line":59,"column":1}},"line":17},"1":{"name":"(anonymous_1)","decl":{"start":{"line":61,"column":34},"end":{"line":61,"column":35}},"loc":{"start":{"line":61,"column":81},"end":{"line":89,"column":1}},"line":61},"2":{"name":"(anonymous_2)","decl":{"start":{"line":96,"column":26},"end":{"line":96,"column":27}},"loc":{"start":{"line":96,"column":36},"end":{"line":108,"column":1}},"line":96},"3":{"name":"(anonymous_3)","decl":{"start":{"line":115,"column":21},"end":{"line":115,"column":22}},"loc":{"start":{"line":115,"column":35},"end":{"line":117,"column":1}},"line":115}},"branchMap":{"0":{"loc":{"start":{"line":17,"column":42},"end":{"line":17,"column":55}},"type":"default-arg","locations":[{"start":{"line":17,"column":53},"end":{"line":17,"column":55}}],"line":17},"1":{"loc":{"start":{"line":17,"column":77},"end":{"line":17,"column":93}},"type":"default-arg","locations":[{"start":{"line":17,"column":88},"end":{"line":17,"column":93}}],"line":17},"2":{"loc":{"start":{"line":46,"column":4},"end":{"line":48,"column":5}},"type":"if","locations":[{"start":{"line":46,"column":4},"end":{"line":48,"column":5}},{"start":{},"end":{}}],"line":46},"3":{"loc":{"start":{"line":50,"column":4},"end":{"line":56,"column":5}},"type":"if","locations":[{"start":{"line":50,"column":4},"end":{"line":56,"column":5}},{"start":{},"end":{}}],"line":50},"4":{"loc":{"start":{"line":53,"column":8},"end":{"line":55,"column":9}},"type":"if","locations":[{"start":{"line":53,"column":8},"end":{"line":55,"column":9}},{"start":{},"end":{}}],"line":53},"5":{"loc":{"start":{"line":78,"column":4},"end":{"line":80,"column":5}},"type":"if","locations":[{"start":{"line":78,"column":4},"end":{"line":80,"column":5}},{"start":{},"end":{}}],"line":78},"6":{"loc":{"start":{"line":84,"column":4},"end":{"line":86,"column":5}},"type":"if","locations":[{"start":{"line":84,"column":4},"end":{"line":86,"column":5}},{"start":{},"end":{}}],"line":84},"7":{"loc":{"start":{"line":98,"column":19},"end":{"line":98,"column":75}},"type":"binary-expr","locations":[{"start":{"line":98,"column":19},"end":{"line":98,"column":30}},{"start":{"line":98,"column":35},"end":{"line":98,"column":44}},{"start":{"line":98,"column":48},"end":{"line":98,"column":61}},{"start":{"line":98,"column":66},"end":{"line":98,"column":75}}],"line":98}},"s":{"0":0,"1":0,"2":0,"3":0,"4":0,"5":0,"6":0,"7":0,"8":0,"9":0,"10":0,"11":0,"12":0,"13":0,"14":0,"15":0,"16":0,"17":0,"18":0,"19":0,"20":0,"21":0,"22":0,"23":0,"24":0,"25":0,"26":0},"f":{"0":0,"1":0,"2":0,"3":0},"b":{"0":[0],"1":[0],"2":[0,0],"3":[0,0],"4":[0,0],"5":[0,0],"6":[0,0],"7":[0,0,0,0]}}
,"C:\\Users\\DELL\\Documents\\GitHub\\rutas-tj-backend\\utils\\config.js": {"path":"C:\\Users\\DELL\\Documents\\GitHub\\rutas-tj-backend\\utils\\config.js","statementMap":{"0":{"start":{"line":1,"column":13},"end":{"line":1,"column":30}},"1":{"start":{"line":2,"column":14},"end":{"line":2,"column":32}},"2":{"start":{"line":3,"column":19},"end":{"line":3,"column":48}},"3":{"start":{"line":4,"column":11},"end":{"line":4,"column":26}},"4":{"start":{"line":5,"column":20},"end":{"line":5,"column":44}},"5":{"start":{"line":7,"column":0},"end":{"line":20,"column":1}},"6":{"start":{"line":8,"column":4},"end":{"line":8,"column":20}},"7":{"start":{"line":9,"column":4},"end":{"line":9,"column":22}},"8":{"start":{"line":11,"column":4},"end":{"line":14,"column":8}},"9":{"start":{"line":16,"column":4},"end":{"line":16,"column":68}},"10":{"start":{"line":17,"column":4},"end":{"line":17,"column":62}},"11":{"start":{"line":19,"column":4},"end":{"line":19,"column":37}}},"fnMap":{"0":{"name":"(anonymous_0)","decl":{"start":{"line":7,"column":17},"end":{"line":7,"column":18}},"loc":{"start":{"line":7,"column":32},"end":{"line":20,"column":1}},"line":7}},"branchMap":{},"s":{"0":0,"1":0,"2":0,"3":0,"4":0,"5":0,"6":0,"7":0,"8":0,"9":0,"10":0,"11":0},"f":{"0":0},"b":{}}
,"C:\\Users\\DELL\\Documents\\GitHub\\rutas-tj-backend\\utils\\constants.js": {"path":"C:\\Users\\DELL\\Documents\\GitHub\\rutas-tj-backend\\utils\\constants.js","statementMap":{"0":{"start":{"line":5,"column":0},"end":{"line":37,"column":2}}},"fnMap":{},"branchMap":{},"s":{"0":0},"f":{},"b":{}}
,"C:\\Users\\DELL\\Documents\\GitHub\\rutas-tj-backend\\utils\\customValidators.js": {"path":"C:\\Users\\DELL\\Documents\\GitHub\\rutas-tj-backend\\utils\\customValidators.js","statementMap":{"0":{"start":{"line":1,"column":15},"end":{"line":1,"column":41}},"1":{"start":{"line":2,"column":22},"end":{"line":17,"column":1}},"2":{"start":{"line":4,"column":8},"end":{"line":6,"column":9}},"3":{"start":{"line":5,"column":12},"end":{"line":5,"column":24}},"4":{"start":{"line":8,"column":8},"end":{"line":10,"column":9}},"5":{"start":{"line":9,"column":12},"end":{"line":9,"column":70}},"6":{"start":{"line":12,"column":8},"end":{"line":12,"column":20}},"7":{"start":{"line":15,"column":8},"end":{"line":15,"column":52}},"8":{"start":{"line":19,"column":0},"end":{"line":19,"column":35}}},"fnMap":{"0":{"name":"(anonymous_0)","decl":{"start":{"line":3,"column":25},"end":{"line":3,"column":26}},"loc":{"start":{"line":3,"column":49},"end":{"line":13,"column":5}},"line":3},"1":{"name":"(anonymous_1)","decl":{"start":{"line":14,"column":17},"end":{"line":14,"column":18}},"loc":{"start":{"line":14,"column":37},"end":{"line":16,"column":5}},"line":14}},"branchMap":{"0":{"loc":{"start":{"line":4,"column":8},"end":{"line":6,"column":9}},"type":"if","locations":[{"start":{"line":4,"column":8},"end":{"line":6,"column":9}},{"start":{},"end":{}}],"line":4},"1":{"loc":{"start":{"line":8,"column":8},"end":{"line":10,"column":9}},"type":"if","locations":[{"start":{"line":8,"column":8},"end":{"line":10,"column":9}},{"start":{},"end":{}}],"line":8},"2":{"loc":{"start":{"line":8,"column":12},"end":{"line":8,"column":120}},"type":"binary-expr","locations":[{"start":{"line":8,"column":12},"end":{"line":8,"column":43}},{"start":{"line":8,"column":47},"end":{"line":8,"column":84}},{"start":{"line":8,"column":88},"end":{"line":8,"column":120}}],"line":8}},"s":{"0":0,"1":0,"2":0,"3":0,"4":0,"5":0,"6":0,"7":0,"8":0},"f":{"0":0,"1":0},"b":{"0":[0,0],"1":[0,0],"2":[0,0,0]}}
,"C:\\Users\\DELL\\Documents\\GitHub\\rutas-tj-backend\\utils\\errorHandler.js": {"path":"C:\\Users\\DELL\\Documents\\GitHub\\rutas-tj-backend\\utils\\errorHandler.js","statementMap":{"0":{"start":{"line":2,"column":21},"end":{"line":21,"column":1}},"1":{"start":{"line":4,"column":4},"end":{"line":4,"column":61}},"2":{"start":{"line":5,"column":4},"end":{"line":5,"column":23}},"3":{"start":{"line":8,"column":23},"end":{"line":8,"column":58}},"4":{"start":{"line":11,"column":21},"end":{"line":18,"column":5}},"5":{"start":{"line":20,"column":4},"end":{"line":20,"column":42}},"6":{"start":{"line":24,"column":24},"end":{"line":28,"column":1}},"7":{"start":{"line":25,"column":18},"end":{"line":25,"column":69}},"8":{"start":{"line":26,"column":4},"end":{"line":26,"column":27}},"9":{"start":{"line":27,"column":4},"end":{"line":27,"column":16}},"10":{"start":{"line":30,"column":0},"end":{"line":33,"column":2}}},"fnMap":{"0":{"name":"(anonymous_0)","decl":{"start":{"line":2,"column":21},"end":{"line":2,"column":22}},"loc":{"start":{"line":2,"column":46},"end":{"line":21,"column":1}},"line":2},"1":{"name":"(anonymous_1)","decl":{"start":{"line":24,"column":24},"end":{"line":24,"column":25}},"loc":{"start":{"line":24,"column":44},"end":{"line":28,"column":1}},"line":24}},"branchMap":{"0":{"loc":{"start":{"line":8,"column":23},"end":{"line":8,"column":58}},"type":"binary-expr","locations":[{"start":{"line":8,"column":23},"end":{"line":8,"column":37}},{"start":{"line":8,"column":41},"end":{"line":8,"column":51}},{"start":{"line":8,"column":55},"end":{"line":8,"column":58}}],"line":8},"1":{"loc":{"start":{"line":13,"column":17},"end":{"line":13,"column":60}},"type":"binary-expr","locations":[{"start":{"line":13,"column":17},"end":{"line":13,"column":28}},{"start":{"line":13,"column":32},"end":{"line":13,"column":60}}],"line":13},"2":{"loc":{"start":{"line":14,"column":12},"end":{"line":17,"column":9}},"type":"binary-expr","locations":[{"start":{"line":14,"column":12},"end":{"line":14,"column":50}},{"start":{"line":14,"column":54},"end":{"line":17,"column":9}}],"line":14}},"s":{"0":0,"1":0,"2":0,"3":0,"4":0,"5":0,"6":0,"7":0,"8":0,"9":0,"10":0},"f":{"0":0,"1":0},"b":{"0":[0,0,0],"1":[0,0],"2":[0,0]}}
,"C:\\Users\\DELL\\Documents\\GitHub\\rutas-tj-backend\\utils\\global.js": {"path":"C:\\Users\\DELL\\Documents\\GitHub\\rutas-tj-backend\\utils\\global.js","statementMap":{"0":{"start":{"line":1,"column":34},"end":{"line":1,"column":62}},"1":{"start":{"line":2,"column":18},"end":{"line":2,"column":44}},"2":{"start":{"line":4,"column":0},"end":{"line":4,"column":33}},"3":{"start":{"line":5,"column":0},"end":{"line":5,"column":45}}},"fnMap":{},"branchMap":{},"s":{"0":0,"1":0,"2":0,"3":0},"f":{},"b":{}}
,"C:\\Users\\DELL\\Documents\\GitHub\\rutas-tj-backend\\utils\\mongoConfig.js": {"path":"C:\\Users\\DELL\\Documents\\GitHub\\rutas-tj-backend\\utils\\mongoConfig.js","statementMap":{"0":{"start":{"line":1,"column":34},"end":{"line":1,"column":52}},"1":{"start":{"line":3,"column":22},"end":{"line":6,"column":1}},"2":{"start":{"line":8,"column":13},"end":{"line":8,"column":17}},"3":{"start":{"line":9,"column":21},"end":{"line":9,"column":25}},"4":{"start":{"line":11,"column":16},"end":{"line":44,"column":1}},"5":{"start":{"line":12,"column":4},"end":{"line":14,"column":5}},"6":{"start":{"line":13,"column":8},"end":{"line":13,"column":22}},"7":{"start":{"line":16,"column":4},"end":{"line":18,"column":5}},"8":{"start":{"line":17,"column":8},"end":{"line":17,"column":30}},"9":{"start":{"line":20,"column":4},"end":{"line":43,"column":5}},"10":{"start":{"line":21,"column":8},"end":{"line":21,"column":83}},"11":{"start":{"line":22,"column":8},"end":{"line":22,"column":38}},"12":{"start":{"line":24,"column":8},"end":{"line":24,"column":75}},"13":{"start":{"line":26,"column":8},"end":{"line":30,"column":11}},"14":{"start":{"line":27,"column":12},"end":{"line":27,"column":71}},"15":{"start":{"line":28,"column":12},"end":{"line":28,"column":26}},"16":{"start":{"line":29,"column":12},"end":{"line":29,"column":34}},"17":{"start":{"line":32,"column":8},"end":{"line":34,"column":11}},"18":{"start":{"line":33,"column":12},"end":{"line":33,"column":81}},"19":{"start":{"line":36,"column":8},"end":{"line":36,"column":22}},"20":{"start":{"line":38,"column":8},"end":{"line":38,"column":30}},"21":{"start":{"line":39,"column":8},"end":{"line":39,"column":84}},"22":{"start":{"line":41,"column":8},"end":{"line":41,"column":34}},"23":{"start":{"line":42,"column":8},"end":{"line":42,"column":20}},"24":{"start":{"line":46,"column":14},"end":{"line":51,"column":1}},"25":{"start":{"line":47,"column":4},"end":{"line":49,"column":5}},"26":{"start":{"line":48,"column":8},"end":{"line":48,"column":33}},"27":{"start":{"line":50,"column":4},"end":{"line":50,"column":16}},"28":{"start":{"line":53,"column":24},"end":{"line":75,"column":1}},"29":{"start":{"line":54,"column":4},"end":{"line":60,"column":5}},"30":{"start":{"line":55,"column":8},"end":{"line":59,"column":9}},"31":{"start":{"line":56,"column":12},"end":{"line":56,"column":28}},"32":{"start":{"line":58,"column":12},"end":{"line":58,"column":72}},"33":{"start":{"line":63,"column":4},"end":{"line":74,"column":5}},"34":{"start":{"line":65,"column":8},"end":{"line":71,"column":9}},"35":{"start":{"line":66,"column":12},"end":{"line":66,"column":51}},"36":{"start":{"line":67,"column":12},"end":{"line":67,"column":19}},"37":{"start":{"line":69,"column":12},"end":{"line":69,"column":44}},"38":{"start":{"line":70,"column":12},"end":{"line":70,"column":79}},"39":{"start":{"line":73,"column":8},"end":{"line":73,"column":61}},"40":{"start":{"line":78,"column":0},"end":{"line":84,"column":3}},"41":{"start":{"line":79,"column":4},"end":{"line":83,"column":5}},"42":{"start":{"line":80,"column":8},"end":{"line":80,"column":29}},"43":{"start":{"line":81,"column":8},"end":{"line":81,"column":72}},"44":{"start":{"line":82,"column":8},"end":{"line":82,"column":24}},"45":{"start":{"line":86,"column":0},"end":{"line":92,"column":3}},"46":{"start":{"line":87,"column":4},"end":{"line":91,"column":5}},"47":{"start":{"line":88,"column":8},"end":{"line":88,"column":29}},"48":{"start":{"line":89,"column":8},"end":{"line":89,"column":72}},"49":{"start":{"line":90,"column":8},"end":{"line":90,"column":24}},"50":{"start":{"line":94,"column":16},"end":{"line":101,"column":1}},"51":{"start":{"line":99,"column":8},"end":{"line":99,"column":41}},"52":{"start":{"line":99,"column":20},"end":{"line":99,"column":41}},"53":{"start":{"line":103,"column":0},"end":{"line":103,"column":60}}},"fnMap":{"0":{"name":"(anonymous_0)","decl":{"start":{"line":11,"column":16},"end":{"line":11,"column":17}},"loc":{"start":{"line":11,"column":28},"end":{"line":44,"column":1}},"line":11},"1":{"name":"(anonymous_1)","decl":{"start":{"line":26,"column":27},"end":{"line":26,"column":28}},"loc":{"start":{"line":26,"column":33},"end":{"line":30,"column":9}},"line":26},"2":{"name":"(anonymous_2)","decl":{"start":{"line":32,"column":27},"end":{"line":32,"column":28}},"loc":{"start":{"line":32,"column":36},"end":{"line":34,"column":9}},"line":32},"3":{"name":"(anonymous_3)","decl":{"start":{"line":46,"column":14},"end":{"line":46,"column":15}},"loc":{"start":{"line":46,"column":26},"end":{"line":51,"column":1}},"line":46},"4":{"name":"(anonymous_4)","decl":{"start":{"line":53,"column":24},"end":{"line":53,"column":25}},"loc":{"start":{"line":53,"column":50},"end":{"line":75,"column":1}},"line":53},"5":{"name":"(anonymous_5)","decl":{"start":{"line":78,"column":21},"end":{"line":78,"column":22}},"loc":{"start":{"line":78,"column":33},"end":{"line":84,"column":1}},"line":78},"6":{"name":"(anonymous_6)","decl":{"start":{"line":86,"column":22},"end":{"line":86,"column":23}},"loc":{"start":{"line":86,"column":34},"end":{"line":92,"column":1}},"line":86},"7":{"name":"(anonymous_7)","decl":{"start":{"line":98,"column":11},"end":{"line":98,"column":12}},"loc":{"start":{"line":98,"column":23},"end":{"line":100,"column":5}},"line":98}},"branchMap":{"0":{"loc":{"start":{"line":12,"column":4},"end":{"line":14,"column":5}},"type":"if","locations":[{"start":{"line":12,"column":4},"end":{"line":14,"column":5}},{"start":{},"end":{}}],"line":12},"1":{"loc":{"start":{"line":12,"column":8},"end":{"line":12,"column":66}},"type":"binary-expr","locations":[{"start":{"line":12,"column":8},"end":{"line":12,"column":14}},{"start":{"line":12,"column":18},"end":{"line":12,"column":33}},{"start":{"line":12,"column":37},"end":{"line":12,"column":66}}],"line":12},"2":{"loc":{"start":{"line":16,"column":4},"end":{"line":18,"column":5}},"type":"if","locations":[{"start":{"line":16,"column":4},"end":{"line":18,"column":5}},{"start":{},"end":{}}],"line":16},"3":{"loc":{"start":{"line":47,"column":4},"end":{"line":49,"column":5}},"type":"if","locations":[{"start":{"line":47,"column":4},"end":{"line":49,"column":5}},{"start":{},"end":{}}],"line":47},"4":{"loc":{"start":{"line":47,"column":8},"end":{"line":47,"column":66}},"type":"binary-expr","locations":[{"start":{"line":47,"column":8},"end":{"line":47,"column":14}},{"start":{"line":47,"column":18},"end":{"line":47,"column":33}},{"start":{"line":47,"column":37},"end":{"line":47,"column":66}}],"line":47},"5":{"loc":{"start":{"line":54,"column":4},"end":{"line":60,"column":5}},"type":"if","locations":[{"start":{"line":54,"column":4},"end":{"line":60,"column":5}},{"start":{},"end":{}}],"line":54},"6":{"loc":{"start":{"line":54,"column":8},"end":{"line":54,"column":69}},"type":"binary-expr","locations":[{"start":{"line":54,"column":8},"end":{"line":54,"column":15}},{"start":{"line":54,"column":19},"end":{"line":54,"column":35}},{"start":{"line":54,"column":39},"end":{"line":54,"column":69}}],"line":54},"7":{"loc":{"start":{"line":63,"column":4},"end":{"line":74,"column":5}},"type":"if","locations":[{"start":{"line":63,"column":4},"end":{"line":74,"column":5}},{"start":{"line":72,"column":11},"end":{"line":74,"column":5}}],"line":63},"8":{"loc":{"start":{"line":63,"column":8},"end":{"line":63,"column":66}},"type":"binary-expr","locations":[{"start":{"line":63,"column":8},"end":{"line":63,"column":14}},{"start":{"line":63,"column":18},"end":{"line":63,"column":33}},{"start":{"line":63,"column":37},"end":{"line":63,"column":66}}],"line":63},"9":{"loc":{"start":{"line":79,"column":4},"end":{"line":83,"column":5}},"type":"if","locations":[{"start":{"line":79,"column":4},"end":{"line":83,"column":5}},{"start":{},"end":{}}],"line":79},"10":{"loc":{"start":{"line":87,"column":4},"end":{"line":91,"column":5}},"type":"if","locations":[{"start":{"line":87,"column":4},"end":{"line":91,"column":5}},{"start":{},"end":{}}],"line":87},"11":{"loc":{"start":{"line":99,"column":8},"end":{"line":99,"column":41}},"type":"if","locations":[{"start":{"line":99,"column":8},"end":{"line":99,"column":41}},{"start":{},"end":{}}],"line":99}},"s":{"0":0,"1":0,"2":0,"3":0,"4":0,"5":0,"6":0,"7":0,"8":0,"9":0,"10":0,"11":0,"12":0,"13":0,"14":0,"15":0,"16":0,"17":0,"18":0,"19":0,"20":0,"21":0,"22":0,"23":0,"24":0,"25":0,"26":0,"27":0,"28":0,"29":0,"30":0,"31":0,"32":0,"33":0,"34":0,"35":0,"36":0,"37":0,"38":0,"39":0,"40":0,"41":0,"42":0,"43":0,"44":0,"45":0,"46":0,"47":0,"48":0,"49":0,"50":0,"51":0,"52":0,"53":0},"f":{"0":0,"1":0,"2":0,"3":0,"4":0,"5":0,"6":0,"7":0},"b":{"0":[0,0],"1":[0,0,0],"2":[0,0],"3":[0,0],"4":[0,0,0],"5":[0,0],"6":[0,0,0],"7":[0,0],"8":[0,0,0],"9":[0,0],"10":[0,0],"11":[0,0]}}
,"C:\\Users\\DELL\\Documents\\GitHub\\rutas-tj-backend\\utils\\pagination.js": {"path":"C:\\Users\\DELL\\Documents\\GitHub\\rutas-tj-backend\\utils\\pagination.js","statementMap":{"0":{"start":{"line":12,"column":28},"end":{"line":17,"column":1}},"1":{"start":{"line":13,"column":17},"end":{"line":13,"column":46}},"2":{"start":{"line":14,"column":18},"end":{"line":14,"column":59}},"3":{"start":{"line":15,"column":17},"end":{"line":15,"column":35}},"4":{"start":{"line":16,"column":4},"end":{"line":16,"column":33}},"5":{"start":{"line":24,"column":24},"end":{"line":27,"column":1}},"6":{"start":{"line":25,"column":28},"end":{"line":25,"column":64}},"7":{"start":{"line":26,"column":4},"end":{"line":26,"column":51}},"8":{"start":{"line":37,"column":31},"end":{"line":45,"column":2}},"9":{"start":{"line":37,"column":62},"end":{"line":45,"column":1}},"10":{"start":{"line":47,"column":0},"end":{"line":51,"column":2}}},"fnMap":{"0":{"name":"(anonymous_0)","decl":{"start":{"line":12,"column":28},"end":{"line":12,"column":29}},"loc":{"start":{"line":12,"column":56},"end":{"line":17,"column":1}},"line":12},"1":{"name":"(anonymous_1)","decl":{"start":{"line":24,"column":24},"end":{"line":24,"column":25}},"loc":{"start":{"line":24,"column":33},"end":{"line":27,"column":1}},"line":24},"2":{"name":"(anonymous_2)","decl":{"start":{"line":37,"column":31},"end":{"line":37,"column":32}},"loc":{"start":{"line":37,"column":62},"end":{"line":45,"column":1}},"line":37}},"branchMap":{"0":{"loc":{"start":{"line":12,"column":34},"end":{"line":12,"column":51}},"type":"default-arg","locations":[{"start":{"line":12,"column":49},"end":{"line":12,"column":51}}],"line":12},"1":{"loc":{"start":{"line":13,"column":17},"end":{"line":13,"column":46}},"type":"binary-expr","locations":[{"start":{"line":13,"column":17},"end":{"line":13,"column":41}},{"start":{"line":13,"column":45},"end":{"line":13,"column":46}}],"line":13},"2":{"loc":{"start":{"line":14,"column":18},"end":{"line":14,"column":59}},"type":"binary-expr","locations":[{"start":{"line":14,"column":18},"end":{"line":14,"column":43}},{"start":{"line":14,"column":47},"end":{"line":14,"column":59}}],"line":14},"3":{"loc":{"start":{"line":26,"column":11},"end":{"line":26,"column":50}},"type":"cond-expr","locations":[{"start":{"line":26,"column":29},"end":{"line":26,"column":31}},{"start":{"line":26,"column":34},"end":{"line":26,"column":50}}],"line":26}},"s":{"0":0,"1":0,"2":0,"3":0,"4":0,"5":0,"6":0,"7":0,"8":0,"9":0,"10":0},"f":{"0":0,"1":0,"2":0},"b":{"0":[0],"1":[0,0],"2":[0,0],"3":[0,0]}}
,"C:\\Users\\DELL\\Documents\\GitHub\\rutas-tj-backend\\utils\\routes.js": {"path":"C:\\Users\\DELL\\Documents\\GitHub\\rutas-tj-backend\\utils\\routes.js","statementMap":{"0":{"start":{"line":1,"column":0},"end":{"line":4,"column":1}},"1":{"start":{"line":2,"column":4},"end":{"line":2,"column":63}},"2":{"start":{"line":3,"column":4},"end":{"line":3,"column":60}}},"fnMap":{"0":{"name":"(anonymous_0)","decl":{"start":{"line":1,"column":17},"end":{"line":1,"column":18}},"loc":{"start":{"line":1,"column":32},"end":{"line":4,"column":1}},"line":1}},"branchMap":{},"s":{"0":0,"1":0,"2":0},"f":{"0":0},"b":{}}
,"C:\\Users\\DELL\\Documents\\GitHub\\rutas-tj-backend\\utils\\validateExpress.js": {"path":"C:\\Users\\DELL\\Documents\\GitHub\\rutas-tj-backend\\utils\\validateExpress.js","statementMap":{"0":{"start":{"line":1,"column":29},"end":{"line":1,"column":57}},"1":{"start":{"line":3,"column":30},"end":{"line":9,"column":1}},"2":{"start":{"line":4,"column":18},"end":{"line":4,"column":39}},"3":{"start":{"line":5,"column":4},"end":{"line":7,"column":5}},"4":{"start":{"line":6,"column":8},"end":{"line":6,"column":126}},"5":{"start":{"line":8,"column":4},"end":{"line":8,"column":11}},"6":{"start":{"line":11,"column":0},"end":{"line":11,"column":42}}},"fnMap":{"0":{"name":"(anonymous_0)","decl":{"start":{"line":3,"column":30},"end":{"line":3,"column":31}},"loc":{"start":{"line":3,"column":50},"end":{"line":9,"column":1}},"line":3}},"branchMap":{"0":{"loc":{"start":{"line":5,"column":4},"end":{"line":7,"column":5}},"type":"if","locations":[{"start":{"line":5,"column":4},"end":{"line":7,"column":5}},{"start":{},"end":{}}],"line":5}},"s":{"0":0,"1":0,"2":0,"3":0,"4":0,"5":0,"6":0},"f":{"0":0},"b":{"0":[0,0]}}
,"C:\\Users\\DELL\\Documents\\GitHub\\rutas-tj-backend\\utils\\validateToken.js": {"path":"C:\\Users\\DELL\\Documents\\GitHub\\rutas-tj-backend\\utils\\validateToken.js","statementMap":{"0":{"start":{"line":1,"column":12},"end":{"line":1,"column":35}},"1":{"start":{"line":2,"column":21},"end":{"line":2,"column":41}},"2":{"start":{"line":3,"column":13},"end":{"line":3,"column":28}},"3":{"start":{"line":4,"column":22},"end":{"line":4,"column":63}},"4":{"start":{"line":5,"column":15},"end":{"line":5,"column":41}},"5":{"start":{"line":8,"column":18},"end":{"line":8,"column":44}},"6":{"start":{"line":14,"column":19},"end":{"line":17,"column":2}},"7":{"start":{"line":19,"column":14},"end":{"line":104,"column":1}},"8":{"start":{"line":22,"column":22},"end":{"line":22,"column":39}},"9":{"start":{"line":29,"column":25},"end":{"line":29,"column":81}},"10":{"start":{"line":32,"column":8},"end":{"line":34,"column":9}},"11":{"start":{"line":33,"column":12},"end":{"line":33,"column":65}},"12":{"start":{"line":38,"column":8},"end":{"line":40,"column":9}},"13":{"start":{"line":39,"column":12},"end":{"line":39,"column":52}},"14":{"start":{"line":43,"column":8},"end":{"line":45,"column":9}},"15":{"start":{"line":44,"column":12},"end":{"line":44,"column":39}},"16":{"start":{"line":47,"column":8},"end":{"line":89,"column":9}},"17":{"start":{"line":50,"column":31},"end":{"line":50,"column":57}},"18":{"start":{"line":52,"column":12},"end":{"line":59,"column":13}},"19":{"start":{"line":55,"column":16},"end":{"line":55,"column":38}},"20":{"start":{"line":56,"column":16},"end":{"line":56,"column":42}},"21":{"start":{"line":57,"column":16},"end":{"line":57,"column":44}},"22":{"start":{"line":58,"column":16},"end":{"line":58,"column":30}},"23":{"start":{"line":63,"column":30},"end":{"line":63,"column":81}},"24":{"start":{"line":68,"column":29},"end":{"line":68,"column":70}},"25":{"start":{"line":72,"column":12},"end":{"line":72,"column":49}},"26":{"start":{"line":76,"column":12},"end":{"line":76,"column":32}},"27":{"start":{"line":77,"column":12},"end":{"line":77,"column":39}},"28":{"start":{"line":78,"column":12},"end":{"line":78,"column":40}},"29":{"start":{"line":80,"column":12},"end":{"line":80,"column":19}},"30":{"start":{"line":84,"column":12},"end":{"line":86,"column":13}},"31":{"start":{"line":85,"column":16},"end":{"line":85,"column":105}},"32":{"start":{"line":87,"column":12},"end":{"line":87,"column":64}},"33":{"start":{"line":88,"column":12},"end":{"line":88,"column":94}},"34":{"start":{"line":94,"column":8},"end":{"line":94,"column":27}},"35":{"start":{"line":95,"column":8},"end":{"line":95,"column":55}},"36":{"start":{"line":100,"column":22},"end":{"line":100,"column":59}},"37":{"start":{"line":101,"column":8},"end":{"line":101,"column":44}},"38":{"start":{"line":101,"column":19},"end":{"line":101,"column":44}},"39":{"start":{"line":102,"column":8},"end":{"line":102,"column":15}},"40":{"start":{"line":108,"column":21},"end":{"line":108,"column":46}},"41":{"start":{"line":109,"column":4},"end":{"line":109,"column":59}},"42":{"start":{"line":112,"column":0},"end":{"line":112,"column":27}}},"fnMap":{"0":{"name":"(anonymous_0)","decl":{"start":{"line":21,"column":11},"end":{"line":21,"column":12}},"loc":{"start":{"line":21,"column":37},"end":{"line":90,"column":5}},"line":21},"1":{"name":"(anonymous_1)","decl":{"start":{"line":93,"column":16},"end":{"line":93,"column":17}},"loc":{"start":{"line":93,"column":22},"end":{"line":96,"column":5}},"line":93},"2":{"name":"(anonymous_2)","decl":{"start":{"line":99,"column":26},"end":{"line":99,"column":27}},"loc":{"start":{"line":99,"column":46},"end":{"line":103,"column":5}},"line":99},"3":{"name":"addTimingHeader","decl":{"start":{"line":107,"column":9},"end":{"line":107,"column":24}},"loc":{"start":{"line":107,"column":37},"end":{"line":110,"column":1}},"line":107}},"branchMap":{"0":{"loc":{"start":{"line":29,"column":25},"end":{"line":29,"column":81}},"type":"binary-expr","locations":[{"start":{"line":29,"column":25},"end":{"line":29,"column":42}},{"start":{"line":29,"column":46},"end":{"line":29,"column":61}},{"start":{"line":29,"column":65},"end":{"line":29,"column":81}}],"line":29},"1":{"loc":{"start":{"line":32,"column":8},"end":{"line":34,"column":9}},"type":"if","locations":[{"start":{"line":32,"column":8},"end":{"line":34,"column":9}},{"start":{},"end":{}}],"line":32},"2":{"loc":{"start":{"line":32,"column":12},"end":{"line":32,"column":103}},"type":"binary-expr","locations":[{"start":{"line":32,"column":12},"end":{"line":32,"column":23}},{"start":{"line":32,"column":27},"end":{"line":32,"column":52}},{"start":{"line":32,"column":56},"end":{"line":32,"column":103}}],"line":32},"3":{"loc":{"start":{"line":38,"column":8},"end":{"line":40,"column":9}},"type":"if","locations":[{"start":{"line":38,"column":8},"end":{"line":40,"column":9}},{"start":{},"end":{}}],"line":38},"4":{"loc":{"start":{"line":38,"column":12},"end":{"line":38,"column":84}},"type":"binary-expr","locations":[{"start":{"line":38,"column":12},"end":{"line":38,"column":32}},{"start":{"line":38,"column":36},"end":{"line":38,"column":84}}],"line":38},"5":{"loc":{"start":{"line":43,"column":8},"end":{"line":45,"column":9}},"type":"if","locations":[{"start":{"line":43,"column":8},"end":{"line":45,"column":9}},{"start":{},"end":{}}],"line":43},"6":{"loc":{"start":{"line":52,"column":12},"end":{"line":59,"column":13}},"type":"if","locations":[{"start":{"line":52,"column":12},"end":{"line":59,"column":13}},{"start":{},"end":{}}],"line":52},"7":{"loc":{"start":{"line":84,"column":12},"end":{"line":86,"column":13}},"type":"if","locations":[{"start":{"line":84,"column":12},"end":{"line":86,"column":13}},{"start":{},"end":{}}],"line":84},"8":{"loc":{"start":{"line":84,"column":16},"end":{"line":84,"column":84}},"type":"binary-expr","locations":[{"start":{"line":84,"column":16},"end":{"line":84,"column":48}},{"start":{"line":84,"column":52},"end":{"line":84,"column":84}}],"line":84},"9":{"loc":{"start":{"line":100,"column":22},"end":{"line":100,"column":59}},"type":"binary-expr","locations":[{"start":{"line":100,"column":22},"end":{"line":100,"column":39}},{"start":{"line":100,"column":43},"end":{"line":100,"column":59}}],"line":100},"10":{"loc":{"start":{"line":101,"column":8},"end":{"line":101,"column":44}},"type":"if","locations":[{"start":{"line":101,"column":8},"end":{"line":101,"column":44}},{"start":{},"end":{}}],"line":101}},"s":{"0":0,"1":0,"2":0,"3":0,"4":0,"5":0,"6":0,"7":0,"8":0,"9":0,"10":0,"11":0,"12":0,"13":0,"14":0,"15":0,"16":0,"17":0,"18":0,"19":0,"20":0,"21":0,"22":0,"23":0,"24":0,"25":0,"26":0,"27":0,"28":0,"29":0,"30":0,"31":0,"32":0,"33":0,"34":0,"35":0,"36":0,"37":0,"38":0,"39":0,"40":0,"41":0,"42":0},"f":{"0":0,"1":0,"2":0,"3":0},"b":{"0":[0,0,0],"1":[0,0],"2":[0,0,0],"3":[0,0],"4":[0,0],"5":[0,0],"6":[0,0],"7":[0,0],"8":[0,0],"9":[0,0],"10":[0,0]}}
}
